c:\users\tg857_000\documents\github\kinectv2explorer_guangtang\debug\vc120.pdb
c:\users\tg857_000\documents\github\kinectv2explorer_guangtang\debug\vc120.idb
c:\users\tg857_000\documents\github\kinectv2explorer_guangtang\debug\customdrawlistcontrol.obj
c:\users\tg857_000\documents\github\kinectv2explorer_guangtang\debug\imagerenderer.obj
c:\users\tg857_000\documents\github\kinectv2explorer_guangtang\debug\kinectwindow.obj
c:\users\tg857_000\documents\github\kinectv2explorer_guangtang\debug\kinectwindowmanager.obj
c:\users\tg857_000\documents\github\kinectv2explorer_guangtang\debug\mainwindow.obj
c:\users\tg857_000\documents\github\kinectv2explorer_guangtang\debug\nuiviewer.obj
c:\users\tg857_000\documents\github\kinectv2explorer_guangtang\debug\kinectexplorer.res
c:\users\tg857_000\documents\github\kinectv2explorer_guangtang\debug\kinectexplorer-d2d.pdb
c:\users\tg857_000\documents\github\kinectv2explorer_guangtang\debug\kinectex.dff67153.tlog\cl.command.1.tlog
c:\users\tg857_000\documents\github\kinectv2explorer_guangtang\debug\kinectex.dff67153.tlog\cl.read.1.tlog
c:\users\tg857_000\documents\github\kinectv2explorer_guangtang\debug\kinectex.dff67153.tlog\cl.write.1.tlog
c:\users\tg857_000\documents\github\kinectv2explorer_guangtang\debug\kinectex.dff67153.tlog\link-cvtres.read.1.tlog
c:\users\tg857_000\documents\github\kinectv2explorer_guangtang\debug\kinectex.dff67153.tlog\link-cvtres.write.1.tlog
c:\users\tg857_000\documents\github\kinectv2explorer_guangtang\debug\kinectex.dff67153.tlog\link-rc.read.1.tlog
c:\users\tg857_000\documents\github\kinectv2explorer_guangtang\debug\kinectex.dff67153.tlog\link-rc.write.1.tlog
c:\users\tg857_000\documents\github\kinectv2explorer_guangtang\debug\kinectex.dff67153.tlog\link.3268-cvtres.read.1.tlog
c:\users\tg857_000\documents\github\kinectv2explorer_guangtang\debug\kinectex.dff67153.tlog\link.3268-cvtres.write.1.tlog
c:\users\tg857_000\documents\github\kinectv2explorer_guangtang\debug\kinectex.dff67153.tlog\link.3268-rc.read.1.tlog
c:\users\tg857_000\documents\github\kinectv2explorer_guangtang\debug\kinectex.dff67153.tlog\link.3268-rc.write.1.tlog
c:\users\tg857_000\documents\github\kinectv2explorer_guangtang\debug\kinectex.dff67153.tlog\link.3268.read.1.tlog
c:\users\tg857_000\documents\github\kinectv2explorer_guangtang\debug\kinectex.dff67153.tlog\link.3268.write.1.tlog
c:\users\tg857_000\documents\github\kinectv2explorer_guangtang\debug\kinectex.dff67153.tlog\link.command.1.tlog
c:\users\tg857_000\documents\github\kinectv2explorer_guangtang\debug\kinectex.dff67153.tlog\link.read.1.tlog
c:\users\tg857_000\documents\github\kinectv2explorer_guangtang\debug\kinectex.dff67153.tlog\link.write.1.tlog
c:\users\tg857_000\documents\github\kinectv2explorer_guangtang\debug\kinectex.dff67153.tlog\rc.command.1.tlog
c:\users\tg857_000\documents\github\kinectv2explorer_guangtang\debug\kinectex.dff67153.tlog\rc.read.1.tlog
c:\users\tg857_000\documents\github\kinectv2explorer_guangtang\debug\kinectex.dff67153.tlog\rc.write.1.tlog
