Build started 9/5/2014 3:00:22 PM.
     1>Project "C:\Users\tg857_000\Documents\GitHub\KinectV2Explorer_GuangTang\KinectExplorer-D2D.vcxproj" on node 2 (Build target(s)).
     1>ClCompile:
         C:\Program Files (x86)\Microsoft Visual Studio 12.0\VC\bin\CL.exe /c /I"C:\Program Files\opencv\\bulid\include" /Zi /nologo /W3 /WX- /O2 /Oi /Oy- /GL /D WIN32 /D NDEBUG /D _WINDOWS /D _UNICODE /D UNICODE /Gm- /EHsc /MD /GS /Gy /fp:precise /Zc:wchar_t /Zc:forScope /Fo"Release\\" /Fd"Release\vc120.pdb" /Gd /TP /analyze- /errorReport:prompt CustomDrawListControl.cpp ImageRenderer.cpp KinectWindow.cpp KinectWindowManager.cpp MainWindow.cpp NuiViewer.cpp
         CustomDrawListControl.cpp
         ImageRenderer.cpp
         KinectWindow.cpp
         KinectWindowManager.cpp
         MainWindow.cpp
         NuiViewer.cpp
       ResourceCompile:
         C:\Program Files (x86)\Windows Kits\8.1\bin\x86\rc.exe /D _UNICODE /D UNICODE /l"0x0409" /nologo /fo"Release\KinectExplorer.res" KinectExplorer.rc 
       Link:
         C:\Program Files (x86)\Microsoft Visual Studio 12.0\VC\bin\link.exe /ERRORREPORT:PROMPT /OUT:"C:\Users\tg857_000\Documents\GitHub\KinectV2Explorer_GuangTang\Release\KinectExplorer-D2D.exe" /INCREMENTAL:NO /NOLOGO /LIBPATH:"C:\Program Files\opencv\\x64\vc12\lib" opencv_calib3d249d.lib opencv_contrib249d.lib opencv_core249d.lib opencv_features2d249d.lib opencv_flann249d.lib opencv_gpu249d.lib opencv_highgui249d.lib opencv_imgproc249d.lib opencv_legacy249d.lib opencv_ml249d.lib opencv_nonfree249d.lib opencv_objdetect249d.lib opencv_photo249d.lib opencv_stitching249d.lib opencv_superres249d.lib opencv_ts249d.lib opencv_video249d.lib opencv_videostab249d.lib kernel32.lib user32.lib gdi32.lib winspool.lib comdlg32.lib advapi32.lib shell32.lib ole32.lib oleaut32.lib uuid.lib odbc32.lib odbccp32.lib /MANIFEST /MANIFESTUAC:"level='asInvoker' uiAccess='false'" /manifest:embed /DEBUG /PDB:"C:\Users\tg857_000\Documents\GitHub\KinectV2Explorer_GuangTang\Release\KinectExplorer-D2D.pdb" /SUBSYSTEM:WINDOWS /OPT:REF /OPT:ICF /LTCG /TLBID:1 /DYNAMICBASE /NXCOMPAT /IMPLIB:"C:\Users\tg857_000\Documents\GitHub\KinectV2Explorer_GuangTang\Release\KinectExplorer-D2D.lib" /MACHINE:X86 /SAFESEH Release\KinectExplorer.res
         Release\CustomDrawListControl.obj
         Release\ImageRenderer.obj
         Release\KinectWindow.obj
         Release\KinectWindowManager.obj
         Release\MainWindow.obj
         Release\NuiViewer.obj
     1>LINK : fatal error LNK1181: cannot open input file 'opencv_calib3d249d.lib'
     1>Done Building Project "C:\Users\tg857_000\Documents\GitHub\KinectV2Explorer_GuangTang\KinectExplorer-D2D.vcxproj" (Build target(s)) -- FAILED.

Build FAILED.

Time Elapsed 00:00:03.62
